2020-08-01 16:06:33,153 DEBUG [main] ConsoleLog:21 - Browser started now....
2020-08-01 16:06:43,429 DEBUG [main] ConsoleLog:56 - NDTV Weather - Weather in your Indian City
2020-08-01 16:06:53,889 DEBUG [main] ConsoleLog:138 - Index of split array is: 86
2020-08-01 16:06:53,889 DEBUG [main] ConsoleLog:144 - Random index from the split array is: 15
2020-08-01 16:06:53,893 DEBUG [main] ConsoleLog:148 - Random city for the curresponding index is:  Bokaro
2020-08-01 16:06:54,853 DEBUG [main] ConsoleLog:260 - Element is present
2020-08-01 16:06:55,321 DEBUG [main] ConsoleLog:272 - Bokaro
2020-08-01 16:06:55,378 DEBUG [main] ConsoleLog:284 - 2
2020-08-01 16:06:55,378 DEBUG [main] ConsoleLog:290 - Temperature is: 33.0
2020-08-01 16:07:08,833 DEBUG [main] BasicClientConnectionManager:161 - Get connection for route {}->http://api.openweathermap.org:80
2020-08-01 16:07:08,921 DEBUG [main] DefaultClientConnectionOperator:177 - Connecting to api.openweathermap.org:80
2020-08-01 16:07:09,281 DEBUG [main] RequestAddCookies:123 - CookieSpec selected: ignoreCookies
2020-08-01 16:07:09,281 DEBUG [main] RequestAuthCache:77 - Auth cache not set in the context
2020-08-01 16:07:09,281 DEBUG [main] RequestTargetAuthentication:80 - Target auth state: UNCHALLENGED
2020-08-01 16:07:09,296 DEBUG [main] RequestProxyAuthentication:89 - Proxy auth state: UNCHALLENGED
2020-08-01 16:07:09,296 DEBUG [main] DefaultHttpClient:682 - Attempt 1 to execute request
2020-08-01 16:07:09,296 DEBUG [main] DefaultClientConnection:274 - Sending request: GET /data/2.5/weather?appid=7fe67bf08c80ded756e598d6f8fedaea&q=Bokaro&units=metric HTTP/1.1
2020-08-01 16:07:09,327 DEBUG [main] wire:73 -  >> "GET /data/2.5/weather?appid=7fe67bf08c80ded756e598d6f8fedaea&q=Bokaro&units=metric HTTP/1.1[\r][\n]"
2020-08-01 16:07:09,327 DEBUG [main] wire:73 -  >> "Accept: */*[\r][\n]"
2020-08-01 16:07:09,327 DEBUG [main] wire:73 -  >> "Host: api.openweathermap.org[\r][\n]"
2020-08-01 16:07:09,327 DEBUG [main] wire:73 -  >> "Connection: Keep-Alive[\r][\n]"
2020-08-01 16:07:09,327 DEBUG [main] wire:73 -  >> "User-Agent: Apache-HttpClient/4.5.3 (Java/1.8.0_261)[\r][\n]"
2020-08-01 16:07:09,327 DEBUG [main] wire:73 -  >> "Accept-Encoding: gzip,deflate[\r][\n]"
2020-08-01 16:07:09,327 DEBUG [main] wire:73 -  >> "[\r][\n]"
2020-08-01 16:07:09,343 DEBUG [main] headers:278 - >> GET /data/2.5/weather?appid=7fe67bf08c80ded756e598d6f8fedaea&q=Bokaro&units=metric HTTP/1.1
2020-08-01 16:07:09,343 DEBUG [main] headers:281 - >> Accept: */*
2020-08-01 16:07:09,343 DEBUG [main] headers:281 - >> Host: api.openweathermap.org
2020-08-01 16:07:09,343 DEBUG [main] headers:281 - >> Connection: Keep-Alive
2020-08-01 16:07:09,343 DEBUG [main] headers:281 - >> User-Agent: Apache-HttpClient/4.5.3 (Java/1.8.0_261)
2020-08-01 16:07:09,343 DEBUG [main] headers:281 - >> Accept-Encoding: gzip,deflate
2020-08-01 16:07:09,562 DEBUG [main] wire:73 -  << "HTTP/1.1 200 OK[\r][\n]"
2020-08-01 16:07:09,577 DEBUG [main] wire:73 -  << "Server: openresty[\r][\n]"
2020-08-01 16:07:09,577 DEBUG [main] wire:73 -  << "Date: Sat, 01 Aug 2020 10:37:10 GMT[\r][\n]"
2020-08-01 16:07:09,577 DEBUG [main] wire:73 -  << "Content-Type: application/json; charset=utf-8[\r][\n]"
2020-08-01 16:07:09,577 DEBUG [main] wire:73 -  << "Content-Length: 492[\r][\n]"
2020-08-01 16:07:09,577 DEBUG [main] wire:73 -  << "Connection: keep-alive[\r][\n]"
2020-08-01 16:07:09,593 DEBUG [main] wire:73 -  << "X-Cache-Key: /data/2.5/weather?q=bokaro&units=metric[\r][\n]"
2020-08-01 16:07:09,593 DEBUG [main] wire:73 -  << "Access-Control-Allow-Origin: *[\r][\n]"
2020-08-01 16:07:09,593 DEBUG [main] wire:73 -  << "Access-Control-Allow-Credentials: true[\r][\n]"
2020-08-01 16:07:09,593 DEBUG [main] wire:73 -  << "Access-Control-Allow-Methods: GET, POST[\r][\n]"
2020-08-01 16:07:09,593 DEBUG [main] wire:73 -  << "[\r][\n]"
2020-08-01 16:07:09,593 DEBUG [main] DefaultClientConnection:259 - Receiving response: HTTP/1.1 200 OK
2020-08-01 16:07:09,593 DEBUG [main] headers:262 - << HTTP/1.1 200 OK
2020-08-01 16:07:09,593 DEBUG [main] headers:265 - << Server: openresty
2020-08-01 16:07:09,609 DEBUG [main] headers:265 - << Date: Sat, 01 Aug 2020 10:37:10 GMT
2020-08-01 16:07:09,609 DEBUG [main] headers:265 - << Content-Type: application/json; charset=utf-8
2020-08-01 16:07:09,609 DEBUG [main] headers:265 - << Content-Length: 492
2020-08-01 16:07:09,609 DEBUG [main] headers:265 - << Connection: keep-alive
2020-08-01 16:07:09,609 DEBUG [main] headers:265 - << X-Cache-Key: /data/2.5/weather?q=bokaro&units=metric
2020-08-01 16:07:09,609 DEBUG [main] headers:265 - << Access-Control-Allow-Origin: *
2020-08-01 16:07:09,609 DEBUG [main] headers:265 - << Access-Control-Allow-Credentials: true
2020-08-01 16:07:09,609 DEBUG [main] headers:265 - << Access-Control-Allow-Methods: GET, POST
2020-08-01 16:07:09,671 DEBUG [main] DefaultHttpClient:509 - Connection can be kept alive indefinitely
2020-08-01 16:07:09,765 DEBUG [main] RequestSpecificationImpl$RestAssuredHttpBuilder:545 - Parsing response as: application/json; charset=utf-8
2020-08-01 16:07:09,765 DEBUG [main] RequestSpecificationImpl$RestAssuredHttpBuilder:548 - Parsed data to instance of: class org.apache.http.conn.EofSensorInputStream
2020-08-01 16:07:09,921 DEBUG [main] wire:87 -  << "{"coord":{"lon":85.97,"lat":23.78},"weather":[{"id":804,"main":"Clouds","description":"overcast clouds","icon":"04d"}],"base":"stations","main":{"temp":33.99,"feels_like":38.23,"temp_min":33.99,"temp_max":33.99,"pressure":999,"humidity":51,"sea_level":999,"grnd_level":973},"visibility":10000,"wind":{"speed":0.96,"deg":283},"clouds":{"all":92},"dt":1596278230,"sys":{"country":"IN","sunrise":1596239140,"sunset":1596286745},"timezone":19800,"id":1275362,"name":"Bokaro Steel City","cod":200}"
2020-08-01 16:07:09,929 DEBUG [main] BasicClientConnectionManager:200 - Releasing connection org.apache.http.impl.conn.ManagedClientConnectionImpl@3fb9a67f
2020-08-01 16:07:09,931 DEBUG [main] BasicClientConnectionManager:225 - Connection can be kept alive indefinitely
2020-08-01 16:07:12,073 DEBUG [main] ConsoleLog:140 - UI's Temperature varies by 0.9900017°C with API temperature readings
2020-08-01 16:07:14,369 DEBUG [Finalizer] DefaultClientConnection:180 - Connection 0.0.0.0:63269<->82.196.7.246:80 closed
